<?xml version="1.0" encoding="UTF-8"?>
<!-- Generated by org.testng.reporters.JUnitXMLReporter -->
<testsuite ignored="2" hostname="DESKTOP-4JORBA0" failures="1" tests="22" name="Category-Test" time="746.927" errors="0" timestamp="2024-07-23T14:11:02 IST">
  <testcase classname="visionETLGP.ETLTest.ETL_Category" name="ETL_CT_002" time="14.615"/>
  <testcase classname="visionETLGP.ETLTest.ETL_Category" name="ETL_CT_003" time="32.769"/>
  <testcase classname="visionETLGP.ETLTest.ETL_Category" name="ETL_CT_004" time="29.001"/>
  <testcase classname="visionETLGP.ETLTest.ETL_Category" name="ETL_CT_005" time="40.659"/>
  <testcase classname="visionETLGP.ETLTest.ETL_Category" name="ETL_CT_006" time="20.216"/>
  <testcase classname="visionETLGP.ETLTest.ETL_Category" name="ETL_CT_008" time="27.486"/>
  <testcase classname="visionETLGP.ETLTest.ETL_Category" name="ETL_CT_009" time="21.819"/>
  <testcase classname="visionETLGP.ETLTest.ETL_Category" name="ETL_CT_010" time="65.035"/>
  <testcase classname="visionETLGP.ETLTest.ETL_Category" name="ETL_CT_011" time="21.83"/>
  <testcase classname="visionETLGP.ETLTest.ETL_Category" name="ETL_CT_012" time="16.255"/>
  <testcase classname="visionETLGP.ETLTest.ETL_Category" name="ETL_CT_013" time="25.93"/>
  <testcase classname="visionETLGP.ETLTest.ETL_Category" name="ETL_CT_014" time="45.041"/>
  <testcase classname="visionETLGP.ETLTest.ETL_Category" name="ETL_CT_015" time="43.006"/>
  <testcase classname="visionETLGP.ETLTest.ETL_Category" name="ETL_CT_016" time="12.459"/>
  <testcase classname="visionETLGP.ETLTest.ETL_Category" name="ETL_CT_017" time="24.899"/>
  <testcase classname="visionETLGP.ETLTest.ETL_Category" name="ETL_CT_018" time="46.688"/>
  <testcase classname="visionETLGP.ETLTest.ETL_Category" name="ETL_CT_019" time="24.583"/>
  <testcase classname="visionETLGP.ETLTest.ETL_Category" name="ETL_CT_020" time="26.82"/>
  <testcase classname="visionETLGP.ETLTest.ETL_Category" name="ETL_CT_021" time="51.036"/>
  <testcase classname="visionETLGP.ETLTest.ETL_Category" name="ETL_CT_022" time="29.226"/>
  <testcase classname="visionETLGP.ETLTest.ETL_Category" name="ETL_CT_023" time="11.029">
    <failure type="org.openqa.selenium.ElementClickInterceptedException" message="element click intercepted: Element &amp;lt;i _ngcontent-qsj-c289=&amp;quot;&amp;quot; class=&amp;quot;material-icons ng-tns-c289-3&amp;quot;&amp;gt;...&amp;lt;/i&amp;gt; is not clickable at point (1251, 71). Other element would receive the click: &amp;lt;div _ngcontent-qsj-c269=&amp;quot;&amp;quot; id=&amp;quot;loader_1&amp;quot; class=&amp;quot;loader&amp;quot; style=&amp;quot;display: block;&amp;quot;&amp;gt;...&amp;lt;/div&amp;gt;
  (Session info: chrome=126.0.6478.127)
Build info: version: &amp;apos;4.14.1&amp;apos;, revision: &amp;apos;03f8ede370&amp;apos;
System info: os.name: &amp;apos;Windows 10&amp;apos;, os.arch: &amp;apos;amd64&amp;apos;, os.version: &amp;apos;10.0&amp;apos;, java.version: &amp;apos;17.0.8.1&amp;apos;
Driver info: org.openqa.selenium.chrome.ChromeDriver
Command: [3ee8ea4537ccfbd25b4ffd901df618a4, clickElement {id=f.03A38987786FD8DCB0F6BCA15C3F0A03.d.C9AE779BE10FB5AFC47DB563C8A7EA57.e.83}]
Capabilities {acceptInsecureCerts: false, browserName: chrome, browserVersion: 126.0.6478.127, chrome: {chromedriverVersion: 126.0.6478.182 (5b5d8292ddf..., userDataDir: C:\Users\Welcome\AppData\Lo...}, fedcm:accounts: true, goog:chromeOptions: {debuggerAddress: localhost:53996}, networkConnectionEnabled: false, pageLoadStrategy: normal, platformName: windows, proxy: Proxy(), se:cdp: ws://localhost:53996/devtoo..., se:cdpVersion: 126.0.6478.127, setWindowRect: true, strictFileInteractability: false, timeouts: {implicit: 0, pageLoad: 300000, script: 30000}, unhandledPromptBehavior: dismiss and notify, webauthn:extension:credBlob: true, webauthn:extension:largeBlob: true, webauthn:extension:minPinLength: true, webauthn:extension:prf: true, webauthn:virtualAuthenticators: true}
Element: [[ChromeDriver: chrome on windows (3ee8ea4537ccfbd25b4ffd901df618a4)] -&amp;gt; xpath: //i[contains(text(),&amp;apos;add&amp;apos;)]]
Session ID: 3ee8ea4537ccfbd25b4ffd901df618a4">
      <![CDATA[org.openqa.selenium.ElementClickInterceptedException: element click intercepted: Element <i _ngcontent-qsj-c289="" class="material-icons ng-tns-c289-3">...</i> is not clickable at point (1251, 71). Other element would receive the click: <div _ngcontent-qsj-c269="" id="loader_1" class="loader" style="display: block;">...</div>
  (Session info: chrome=126.0.6478.127)
Build info: version: '4.14.1', revision: '03f8ede370'
System info: os.name: 'Windows 10', os.arch: 'amd64', os.version: '10.0', java.version: '17.0.8.1'
Driver info: org.openqa.selenium.chrome.ChromeDriver
Command: [3ee8ea4537ccfbd25b4ffd901df618a4, clickElement {id=f.03A38987786FD8DCB0F6BCA15C3F0A03.d.C9AE779BE10FB5AFC47DB563C8A7EA57.e.83}]
Capabilities {acceptInsecureCerts: false, browserName: chrome, browserVersion: 126.0.6478.127, chrome: {chromedriverVersion: 126.0.6478.182 (5b5d8292ddf..., userDataDir: C:\Users\Welcome\AppData\Lo...}, fedcm:accounts: true, goog:chromeOptions: {debuggerAddress: localhost:53996}, networkConnectionEnabled: false, pageLoadStrategy: normal, platformName: windows, proxy: Proxy(), se:cdp: ws://localhost:53996/devtoo..., se:cdpVersion: 126.0.6478.127, setWindowRect: true, strictFileInteractability: false, timeouts: {implicit: 0, pageLoad: 300000, script: 30000}, unhandledPromptBehavior: dismiss and notify, webauthn:extension:credBlob: true, webauthn:extension:largeBlob: true, webauthn:extension:minPinLength: true, webauthn:extension:prf: true, webauthn:virtualAuthenticators: true}
Element: [[ChromeDriver: chrome on windows (3ee8ea4537ccfbd25b4ffd901df618a4)] -> xpath: //i[contains(text(),'add')]]
Session ID: 3ee8ea4537ccfbd25b4ffd901df618a4
at org.openqa.selenium.remote.codec.w3c.W3CHttpResponseCodec.createException(W3CHttpResponseCodec.java:200)
at org.openqa.selenium.remote.codec.w3c.W3CHttpResponseCodec.decode(W3CHttpResponseCodec.java:133)
at org.openqa.selenium.remote.codec.w3c.W3CHttpResponseCodec.decode(W3CHttpResponseCodec.java:52)
at org.openqa.selenium.remote.HttpCommandExecutor.execute(HttpCommandExecutor.java:191)
at org.openqa.selenium.remote.service.DriverCommandExecutor.invokeExecute(DriverCommandExecutor.java:200)
at org.openqa.selenium.remote.service.DriverCommandExecutor.execute(DriverCommandExecutor.java:175)
at org.openqa.selenium.remote.RemoteWebDriver.execute(RemoteWebDriver.java:602)
at org.openqa.selenium.remote.RemoteWebElement.execute(RemoteWebElement.java:224)
at org.openqa.selenium.remote.RemoteWebElement.click(RemoteWebElement.java:77)
at visionETLGP.ETLTest.ETL_Category.ETL_CT_023(ETL_Category.java:1074)
at java.base/java.util.ArrayList.forEach(ArrayList.java:1511)
... Removed 32 stack frames]]>
    </failure>
  </testcase> <!-- ETL_CT_023 -->
  <testcase classname="visionETLGP.ETLTest.ETL_Category" name="ETL_CT_024" time="31.7"/>
  <testcase classname="visionETLGP.ETLTest.ETL_Category" name="ETL_CT_007" time="0.0">
    <ignored/>
  </testcase> <!-- ETL_CT_007 -->
  <testcase classname="visionETLGP.ETLTest.ETL_Category" name="ETL_CT_001" time="0.0">
    <ignored/>
  </testcase> <!-- ETL_CT_001 -->
</testsuite> <!-- Category-Test -->
