<?xml version="1.0" encoding="UTF-8"?>
<!-- Generated by org.testng.reporters.JUnitXMLReporter -->
<testsuite ignored="2" hostname="DESKTOP-4JORBA0" failures="1" tests="22" name="Category-Test" time="853.333" errors="0" timestamp="2024-06-26T10:52:35 IST">
  <testcase classname="visionETLGP.ETLTest.ETL_Category" name="ETL_CT_002" time="23.381"/>
  <testcase classname="visionETLGP.ETLTest.ETL_Category" name="ETL_CT_003" time="32.344"/>
  <testcase classname="visionETLGP.ETLTest.ETL_Category" name="ETL_CT_004" time="36.055"/>
  <testcase classname="visionETLGP.ETLTest.ETL_Category" name="ETL_CT_005" time="53.187"/>
  <testcase classname="visionETLGP.ETLTest.ETL_Category" name="ETL_CT_006" time="29.603"/>
  <testcase classname="visionETLGP.ETLTest.ETL_Category" name="ETL_CT_008" time="30.387"/>
  <testcase classname="visionETLGP.ETLTest.ETL_Category" name="ETL_CT_009" time="28.55"/>
  <testcase classname="visionETLGP.ETLTest.ETL_Category" name="ETL_CT_010" time="69.316"/>
  <testcase classname="visionETLGP.ETLTest.ETL_Category" name="ETL_CT_011" time="25.531"/>
  <testcase classname="visionETLGP.ETLTest.ETL_Category" name="ETL_CT_012" time="22.626"/>
  <testcase classname="visionETLGP.ETLTest.ETL_Category" name="ETL_CT_013" time="33.163"/>
  <testcase classname="visionETLGP.ETLTest.ETL_Category" name="ETL_CT_014" time="58.391"/>
  <testcase classname="visionETLGP.ETLTest.ETL_Category" name="ETL_CT_015" time="48.517"/>
  <testcase classname="visionETLGP.ETLTest.ETL_Category" name="ETL_CT_016" time="19.065"/>
  <testcase classname="visionETLGP.ETLTest.ETL_Category" name="ETL_CT_017" time="31.189"/>
  <testcase classname="visionETLGP.ETLTest.ETL_Category" name="ETL_CT_018" time="49.72"/>
  <testcase classname="visionETLGP.ETLTest.ETL_Category" name="ETL_CT_019" time="23.635"/>
  <testcase classname="visionETLGP.ETLTest.ETL_Category" name="ETL_CT_020" time="30.434"/>
  <testcase classname="visionETLGP.ETLTest.ETL_Category" name="ETL_CT_021" time="9.777">
    <failure type="org.openqa.selenium.ElementClickInterceptedException" message="element click intercepted: Element &amp;lt;b _ngcontent-mle-c276=&amp;quot;&amp;quot; class=&amp;quot;caret&amp;quot;&amp;gt;&amp;lt;/b&amp;gt; is not clickable at point (154, 166). Other element would receive the click: &amp;lt;span _ngcontent-mle-c276=&amp;quot;&amp;quot; class=&amp;quot;sidebar-normal sidebar-normal-1&amp;quot;&amp;gt;...&amp;lt;/span&amp;gt;
  (Session info: chrome=126.0.6478.56)
Build info: version: &amp;apos;4.14.1&amp;apos;, revision: &amp;apos;03f8ede370&amp;apos;
System info: os.name: &amp;apos;Windows 10&amp;apos;, os.arch: &amp;apos;amd64&amp;apos;, os.version: &amp;apos;10.0&amp;apos;, java.version: &amp;apos;17.0.8.1&amp;apos;
Driver info: org.openqa.selenium.chrome.ChromeDriver
Command: [ff7754531a33c8b60970a2d0c5ea0198, clickElement {id=f.EC5AF080FF54A5F7BCA4A8E39A8C6CD6.d.92BEB0D464F60199F8C3D968620B149E.e.40}]
Capabilities {acceptInsecureCerts: false, browserName: chrome, browserVersion: 126.0.6478.56, chrome: {chromedriverVersion: 126.0.6478.126 (d36ace6122e..., userDataDir: C:\Users\Welcome\AppData\Lo...}, fedcm:accounts: true, goog:chromeOptions: {debuggerAddress: localhost:58861}, networkConnectionEnabled: false, pageLoadStrategy: normal, platformName: windows, proxy: Proxy(), se:cdp: ws://localhost:58861/devtoo..., se:cdpVersion: 126.0.6478.56, setWindowRect: true, strictFileInteractability: false, timeouts: {implicit: 0, pageLoad: 300000, script: 30000}, unhandledPromptBehavior: dismiss and notify, webauthn:extension:credBlob: true, webauthn:extension:largeBlob: true, webauthn:extension:minPinLength: true, webauthn:extension:prf: true, webauthn:virtualAuthenticators: true}
Element: [[ChromeDriver: chrome on windows (ff7754531a33c8b60970a2d0c5ea0198)] -&amp;gt; xpath: //body/app-root[1]/app-main-container[1]/div[1]/app-side-bar[1]/div[1]/div[2]/ul[1]/li[2]/ul[1]/li[1]/a[1]/span[1]/b[1]]
Session ID: ff7754531a33c8b60970a2d0c5ea0198">
      <![CDATA[org.openqa.selenium.ElementClickInterceptedException: element click intercepted: Element <b _ngcontent-mle-c276="" class="caret"></b> is not clickable at point (154, 166). Other element would receive the click: <span _ngcontent-mle-c276="" class="sidebar-normal sidebar-normal-1">...</span>
  (Session info: chrome=126.0.6478.56)
Build info: version: '4.14.1', revision: '03f8ede370'
System info: os.name: 'Windows 10', os.arch: 'amd64', os.version: '10.0', java.version: '17.0.8.1'
Driver info: org.openqa.selenium.chrome.ChromeDriver
Command: [ff7754531a33c8b60970a2d0c5ea0198, clickElement {id=f.EC5AF080FF54A5F7BCA4A8E39A8C6CD6.d.92BEB0D464F60199F8C3D968620B149E.e.40}]
Capabilities {acceptInsecureCerts: false, browserName: chrome, browserVersion: 126.0.6478.56, chrome: {chromedriverVersion: 126.0.6478.126 (d36ace6122e..., userDataDir: C:\Users\Welcome\AppData\Lo...}, fedcm:accounts: true, goog:chromeOptions: {debuggerAddress: localhost:58861}, networkConnectionEnabled: false, pageLoadStrategy: normal, platformName: windows, proxy: Proxy(), se:cdp: ws://localhost:58861/devtoo..., se:cdpVersion: 126.0.6478.56, setWindowRect: true, strictFileInteractability: false, timeouts: {implicit: 0, pageLoad: 300000, script: 30000}, unhandledPromptBehavior: dismiss and notify, webauthn:extension:credBlob: true, webauthn:extension:largeBlob: true, webauthn:extension:minPinLength: true, webauthn:extension:prf: true, webauthn:virtualAuthenticators: true}
Element: [[ChromeDriver: chrome on windows (ff7754531a33c8b60970a2d0c5ea0198)] -> xpath: //body/app-root[1]/app-main-container[1]/div[1]/app-side-bar[1]/div[1]/div[2]/ul[1]/li[2]/ul[1]/li[1]/a[1]/span[1]/b[1]]
Session ID: ff7754531a33c8b60970a2d0c5ea0198
at org.openqa.selenium.remote.codec.w3c.W3CHttpResponseCodec.createException(W3CHttpResponseCodec.java:200)
at org.openqa.selenium.remote.codec.w3c.W3CHttpResponseCodec.decode(W3CHttpResponseCodec.java:133)
at org.openqa.selenium.remote.codec.w3c.W3CHttpResponseCodec.decode(W3CHttpResponseCodec.java:52)
at org.openqa.selenium.remote.HttpCommandExecutor.execute(HttpCommandExecutor.java:191)
at org.openqa.selenium.remote.service.DriverCommandExecutor.invokeExecute(DriverCommandExecutor.java:200)
at org.openqa.selenium.remote.service.DriverCommandExecutor.execute(DriverCommandExecutor.java:175)
at org.openqa.selenium.remote.RemoteWebDriver.execute(RemoteWebDriver.java:602)
at org.openqa.selenium.remote.RemoteWebElement.execute(RemoteWebElement.java:224)
at org.openqa.selenium.remote.RemoteWebElement.click(RemoteWebElement.java:77)
at visionETLGP.ETLTest.ETL_Category.ETL_CT_021(ETL_Category.java:1142)
at java.base/java.util.ArrayList.forEach(ArrayList.java:1511)
... Removed 32 stack frames]]>
    </failure>
  </testcase> <!-- ETL_CT_021 -->
  <testcase classname="visionETLGP.ETLTest.ETL_Category" name="ETL_CT_022" time="31.428"/>
  <testcase classname="visionETLGP.ETLTest.ETL_Category" name="ETL_CT_023" time="39.914"/>
  <testcase classname="visionETLGP.ETLTest.ETL_Category" name="ETL_CT_024" time="32.967"/>
  <testcase classname="visionETLGP.ETLTest.ETL_Category" name="ETL_CT_007" time="0.0">
    <ignored/>
  </testcase> <!-- ETL_CT_007 -->
  <testcase classname="visionETLGP.ETLTest.ETL_Category" name="ETL_CT_001" time="0.0">
    <ignored/>
  </testcase> <!-- ETL_CT_001 -->
</testsuite> <!-- Category-Test -->
