<?xml version="1.0" encoding="UTF-8"?>
<!-- Generated by org.testng.reporters.JUnitXMLReporter -->
<testsuite ignored="7" hostname="DESKTOP-4JORBA0" failures="4" tests="31" name="ETL-Connector-Test" time="1236.692" errors="0" timestamp="2024-06-14T10:34:55 IST">
  <testcase classname="visionETLGP.ETLTest.ETLConnector" name="ETL_CC_001" time="18.442"/>
  <testcase classname="visionETLGP.ETLTest.ETLConnector" name="ETL_CC_005" time="34.924"/>
  <testcase classname="visionETLGP.ETLTest.ETLConnector" name="ETL_CC_009" time="59.152"/>
  <testcase classname="visionETLGP.ETLTest.ETLConnector" name="ETL_CC_011" time="28.747"/>
  <testcase classname="visionETLGP.ETLTest.ETLConnector" name="ETL_CC_012" time="28.869"/>
  <testcase classname="visionETLGP.ETLTest.ETLConnector" name="ETL_CC_013" time="30.533"/>
  <testcase classname="visionETLGP.ETLTest.ETLConnector" name="ETL_CC_014" time="53.284"/>
  <testcase classname="visionETLGP.ETLTest.ETLConnector" name="ETL_CC_015" time="51.287"/>
  <testcase classname="visionETLGP.ETLTest.ETLConnector" name="ETL_CC_016" time="63.665"/>
  <testcase classname="visionETLGP.ETLTest.ETLConnector" name="ETL_CC_017" time="55.49"/>
  <testcase classname="visionETLGP.ETLTest.ETLConnector" name="ETL_CC_018" time="54.874"/>
  <testcase classname="visionETLGP.ETLTest.ETLConnector" name="ETL_CC_019" time="55.716"/>
  <testcase classname="visionETLGP.ETLTest.ETLConnector" name="ETL_CC_020" time="31.232"/>
  <testcase classname="visionETLGP.ETLTest.ETLConnector" name="ETL_CC_021" time="20.942"/>
  <testcase classname="visionETLGP.ETLTest.ETLConnector" name="ETL_CC_022" time="30.147"/>
  <testcase classname="visionETLGP.ETLTest.ETLConnector" name="ETL_CC_026" time="38.857"/>
  <testcase classname="visionETLGP.ETLTest.ETLConnector" name="ETL_CC_027" time="37.607"/>
  <testcase classname="visionETLGP.ETLTest.ETLConnector" name="ETL_CC_028" time="20.244"/>
  <testcase classname="visionETLGP.ETLTest.ETLConnector" name="ETL_CC_029" time="19.2"/>
  <testcase classname="visionETLGP.ETLTest.ETLConnector" name="ETL_CC_030" time="21.312"/>
  <testcase classname="visionETLGP.ETLTest.ETLConnector" name="ETL_CC_034" time="30.091"/>
  <testcase classname="visionETLGP.ETLTest.ETLConnector" name="ETL_CC_031" time="25.454"/>
  <testcase classname="visionETLGP.ETLTest.ETLConnector" name="ETL_CC_032" time="24.034">
    <failure type="org.openqa.selenium.NoSuchElementException" message="no such element: Unable to locate element: {&amp;quot;method&amp;quot;:&amp;quot;xpath&amp;quot;,&amp;quot;selector&amp;quot;:&amp;quot;//button[contains(text(),&amp;apos;No&amp;apos;)]&amp;quot;}
  (Session info: chrome=126.0.6478.56)
For documentation on this error, please visit: https://www.selenium.dev/documentation/webdriver/troubleshooting/errors#no-such-element-exception
Build info: version: &amp;apos;4.14.1&amp;apos;, revision: &amp;apos;03f8ede370&amp;apos;
System info: os.name: &amp;apos;Windows 10&amp;apos;, os.arch: &amp;apos;amd64&amp;apos;, os.version: &amp;apos;10.0&amp;apos;, java.version: &amp;apos;17.0.8.1&amp;apos;
Driver info: org.openqa.selenium.chrome.ChromeDriver
Command: [b85693e60ef76fea600d649abf4ff16a, findElement {using=xpath, value=//button[contains(text(),&amp;apos;No&amp;apos;)]}]
Capabilities {acceptInsecureCerts: false, browserName: chrome, browserVersion: 126.0.6478.56, chrome: {chromedriverVersion: 126.0.6478.61 (8dc092df54ce..., userDataDir: C:\Users\Welcome\AppData\Lo...}, fedcm:accounts: true, goog:chromeOptions: {debuggerAddress: localhost:50361}, networkConnectionEnabled: false, pageLoadStrategy: normal, platformName: windows, proxy: Proxy(), se:cdp: ws://localhost:50361/devtoo..., se:cdpVersion: 126.0.6478.56, setWindowRect: true, strictFileInteractability: false, timeouts: {implicit: 0, pageLoad: 300000, script: 30000}, unhandledPromptBehavior: dismiss and notify, webauthn:extension:credBlob: true, webauthn:extension:largeBlob: true, webauthn:extension:minPinLength: true, webauthn:extension:prf: true, webauthn:virtualAuthenticators: true}
Session ID: b85693e60ef76fea600d649abf4ff16a">
      <![CDATA[org.openqa.selenium.NoSuchElementException: no such element: Unable to locate element: {"method":"xpath","selector":"//button[contains(text(),'No')]"}
  (Session info: chrome=126.0.6478.56)
For documentation on this error, please visit: https://www.selenium.dev/documentation/webdriver/troubleshooting/errors#no-such-element-exception
Build info: version: '4.14.1', revision: '03f8ede370'
System info: os.name: 'Windows 10', os.arch: 'amd64', os.version: '10.0', java.version: '17.0.8.1'
Driver info: org.openqa.selenium.chrome.ChromeDriver
Command: [b85693e60ef76fea600d649abf4ff16a, findElement {using=xpath, value=//button[contains(text(),'No')]}]
Capabilities {acceptInsecureCerts: false, browserName: chrome, browserVersion: 126.0.6478.56, chrome: {chromedriverVersion: 126.0.6478.61 (8dc092df54ce..., userDataDir: C:\Users\Welcome\AppData\Lo...}, fedcm:accounts: true, goog:chromeOptions: {debuggerAddress: localhost:50361}, networkConnectionEnabled: false, pageLoadStrategy: normal, platformName: windows, proxy: Proxy(), se:cdp: ws://localhost:50361/devtoo..., se:cdpVersion: 126.0.6478.56, setWindowRect: true, strictFileInteractability: false, timeouts: {implicit: 0, pageLoad: 300000, script: 30000}, unhandledPromptBehavior: dismiss and notify, webauthn:extension:credBlob: true, webauthn:extension:largeBlob: true, webauthn:extension:minPinLength: true, webauthn:extension:prf: true, webauthn:virtualAuthenticators: true}
Session ID: b85693e60ef76fea600d649abf4ff16a
at org.openqa.selenium.remote.codec.w3c.W3CHttpResponseCodec.createException(W3CHttpResponseCodec.java:200)
at org.openqa.selenium.remote.codec.w3c.W3CHttpResponseCodec.decode(W3CHttpResponseCodec.java:133)
at org.openqa.selenium.remote.codec.w3c.W3CHttpResponseCodec.decode(W3CHttpResponseCodec.java:52)
at org.openqa.selenium.remote.HttpCommandExecutor.execute(HttpCommandExecutor.java:191)
at org.openqa.selenium.remote.service.DriverCommandExecutor.invokeExecute(DriverCommandExecutor.java:200)
at org.openqa.selenium.remote.service.DriverCommandExecutor.execute(DriverCommandExecutor.java:175)
at org.openqa.selenium.remote.RemoteWebDriver.execute(RemoteWebDriver.java:602)
at org.openqa.selenium.remote.ElementLocation$ElementFinder$2.findElement(ElementLocation.java:165)
at org.openqa.selenium.remote.ElementLocation.findElement(ElementLocation.java:59)
at org.openqa.selenium.remote.RemoteWebDriver.findElement(RemoteWebDriver.java:359)
at org.openqa.selenium.remote.RemoteWebDriver.findElement(RemoteWebDriver.java:353)
at visionETLGP.ETLTest.ETLConnector.ETL_CC_032(ETLConnector.java:1779)
at java.base/java.util.ArrayList.forEach(ArrayList.java:1511)
... Removed 32 stack frames]]>
    </failure>
  </testcase> <!-- ETL_CC_032 -->
  <testcase classname="visionETLGP.ETLTest.ETLConnector" name="ETL_CC_023" time="23.051"/>
  <testcase classname="visionETLGP.ETLTest.ETLConnector" name="ETL_CC_024" time="27.305"/>
  <testcase classname="visionETLGP.ETLTest.ETLConnector" name="ETL_CC_025" time="31.408"/>
  <testcase classname="visionETLGP.ETLTest.ETLConnector" name="ETL_CC_033" time="20.214"/>
  <testcase classname="visionETLGP.ETLTest.ETLConnector" name="ETL_CC_035" time="25.61">
    <failure type="org.openqa.selenium.NoSuchElementException" message="no such element: Unable to locate element: {&amp;quot;method&amp;quot;:&amp;quot;xpath&amp;quot;,&amp;quot;selector&amp;quot;:&amp;quot;//span[contains(text(),&amp;apos;VAT_FLOW1604&amp;apos;)]&amp;quot;}
  (Session info: chrome=126.0.6478.56)
For documentation on this error, please visit: https://www.selenium.dev/documentation/webdriver/troubleshooting/errors#no-such-element-exception
Build info: version: &amp;apos;4.14.1&amp;apos;, revision: &amp;apos;03f8ede370&amp;apos;
System info: os.name: &amp;apos;Windows 10&amp;apos;, os.arch: &amp;apos;amd64&amp;apos;, os.version: &amp;apos;10.0&amp;apos;, java.version: &amp;apos;17.0.8.1&amp;apos;
Driver info: org.openqa.selenium.chrome.ChromeDriver
Command: [78e2ffec140724ca180255b53937be3b, findElement {using=xpath, value=//span[contains(text(),&amp;apos;VAT_FLOW1604&amp;apos;)]}]
Capabilities {acceptInsecureCerts: false, browserName: chrome, browserVersion: 126.0.6478.56, chrome: {chromedriverVersion: 126.0.6478.61 (8dc092df54ce..., userDataDir: C:\Users\Welcome\AppData\Lo...}, fedcm:accounts: true, goog:chromeOptions: {debuggerAddress: localhost:50688}, networkConnectionEnabled: false, pageLoadStrategy: normal, platformName: windows, proxy: Proxy(), se:cdp: ws://localhost:50688/devtoo..., se:cdpVersion: 126.0.6478.56, setWindowRect: true, strictFileInteractability: false, timeouts: {implicit: 0, pageLoad: 300000, script: 30000}, unhandledPromptBehavior: dismiss and notify, webauthn:extension:credBlob: true, webauthn:extension:largeBlob: true, webauthn:extension:minPinLength: true, webauthn:extension:prf: true, webauthn:virtualAuthenticators: true}
Session ID: 78e2ffec140724ca180255b53937be3b">
      <![CDATA[org.openqa.selenium.NoSuchElementException: no such element: Unable to locate element: {"method":"xpath","selector":"//span[contains(text(),'VAT_FLOW1604')]"}
  (Session info: chrome=126.0.6478.56)
For documentation on this error, please visit: https://www.selenium.dev/documentation/webdriver/troubleshooting/errors#no-such-element-exception
Build info: version: '4.14.1', revision: '03f8ede370'
System info: os.name: 'Windows 10', os.arch: 'amd64', os.version: '10.0', java.version: '17.0.8.1'
Driver info: org.openqa.selenium.chrome.ChromeDriver
Command: [78e2ffec140724ca180255b53937be3b, findElement {using=xpath, value=//span[contains(text(),'VAT_FLOW1604')]}]
Capabilities {acceptInsecureCerts: false, browserName: chrome, browserVersion: 126.0.6478.56, chrome: {chromedriverVersion: 126.0.6478.61 (8dc092df54ce..., userDataDir: C:\Users\Welcome\AppData\Lo...}, fedcm:accounts: true, goog:chromeOptions: {debuggerAddress: localhost:50688}, networkConnectionEnabled: false, pageLoadStrategy: normal, platformName: windows, proxy: Proxy(), se:cdp: ws://localhost:50688/devtoo..., se:cdpVersion: 126.0.6478.56, setWindowRect: true, strictFileInteractability: false, timeouts: {implicit: 0, pageLoad: 300000, script: 30000}, unhandledPromptBehavior: dismiss and notify, webauthn:extension:credBlob: true, webauthn:extension:largeBlob: true, webauthn:extension:minPinLength: true, webauthn:extension:prf: true, webauthn:virtualAuthenticators: true}
Session ID: 78e2ffec140724ca180255b53937be3b
at org.openqa.selenium.remote.codec.w3c.W3CHttpResponseCodec.createException(W3CHttpResponseCodec.java:200)
at org.openqa.selenium.remote.codec.w3c.W3CHttpResponseCodec.decode(W3CHttpResponseCodec.java:133)
at org.openqa.selenium.remote.codec.w3c.W3CHttpResponseCodec.decode(W3CHttpResponseCodec.java:52)
at org.openqa.selenium.remote.HttpCommandExecutor.execute(HttpCommandExecutor.java:191)
at org.openqa.selenium.remote.service.DriverCommandExecutor.invokeExecute(DriverCommandExecutor.java:200)
at org.openqa.selenium.remote.service.DriverCommandExecutor.execute(DriverCommandExecutor.java:175)
at org.openqa.selenium.remote.RemoteWebDriver.execute(RemoteWebDriver.java:602)
at org.openqa.selenium.remote.ElementLocation$ElementFinder$2.findElement(ElementLocation.java:165)
at org.openqa.selenium.remote.ElementLocation.findElement(ElementLocation.java:59)
at org.openqa.selenium.remote.RemoteWebDriver.findElement(RemoteWebDriver.java:359)
at org.openqa.selenium.remote.RemoteWebDriver.findElement(RemoteWebDriver.java:353)
at visionETLGP.ETLTest.ETLConnector.ETL_CC_035(ETLConnector.java:2092)
at java.base/java.util.ArrayList.forEach(ArrayList.java:1511)
... Removed 32 stack frames]]>
    </failure>
  </testcase> <!-- ETL_CC_035 -->
  <testcase classname="visionETLGP.ETLTest.ETLConnector" name="ETL_CC_036" time="30.93">
    <failure type="org.openqa.selenium.JavascriptException" message="javascript error: {&amp;quot;status&amp;quot;:12,&amp;quot;value&amp;quot;:&amp;quot;Element is not currently interactable and may not be manipulated&amp;quot;}
  (Session info: chrome=126.0.6478.56)
Build info: version: &amp;apos;4.14.1&amp;apos;, revision: &amp;apos;03f8ede370&amp;apos;
System info: os.name: &amp;apos;Windows 10&amp;apos;, os.arch: &amp;apos;amd64&amp;apos;, os.version: &amp;apos;10.0&amp;apos;, java.version: &amp;apos;17.0.8.1&amp;apos;
Driver info: org.openqa.selenium.chrome.ChromeDriver
Command: [82db4ab498acccd49e41e391f44ffe1f, clearElement {id=f.6943A39DDCEA83505EE048C7A2C070F0.d.8611654DE3958AF7636C500CAC013CCD.e.111}]
Capabilities {acceptInsecureCerts: false, browserName: chrome, browserVersion: 126.0.6478.56, chrome: {chromedriverVersion: 126.0.6478.61 (8dc092df54ce..., userDataDir: C:\Users\Welcome\AppData\Lo...}, fedcm:accounts: true, goog:chromeOptions: {debuggerAddress: localhost:50742}, networkConnectionEnabled: false, pageLoadStrategy: normal, platformName: windows, proxy: Proxy(), se:cdp: ws://localhost:50742/devtoo..., se:cdpVersion: 126.0.6478.56, setWindowRect: true, strictFileInteractability: false, timeouts: {implicit: 0, pageLoad: 300000, script: 30000}, unhandledPromptBehavior: dismiss and notify, webauthn:extension:credBlob: true, webauthn:extension:largeBlob: true, webauthn:extension:minPinLength: true, webauthn:extension:prf: true, webauthn:virtualAuthenticators: true}
Element: [[ChromeDriver: chrome on windows (82db4ab498acccd49e41e391f44ffe1f)] -&amp;gt; xpath: //body/app-root[1]/app-main-container[1]/div[1]/div[2]/div[1]/app-manual-query[1]/div[1]/div[1]/div[1]/div[1]/div[2]/div[2]/div[1]/div[1]/div[1]/div[1]/div[1]/div[1]/form[1]/div[1]/div[1]/div[3]/div[1]/textarea[1]]
Session ID: 82db4ab498acccd49e41e391f44ffe1f">
      <![CDATA[org.openqa.selenium.JavascriptException: javascript error: {"status":12,"value":"Element is not currently interactable and may not be manipulated"}
  (Session info: chrome=126.0.6478.56)
Build info: version: '4.14.1', revision: '03f8ede370'
System info: os.name: 'Windows 10', os.arch: 'amd64', os.version: '10.0', java.version: '17.0.8.1'
Driver info: org.openqa.selenium.chrome.ChromeDriver
Command: [82db4ab498acccd49e41e391f44ffe1f, clearElement {id=f.6943A39DDCEA83505EE048C7A2C070F0.d.8611654DE3958AF7636C500CAC013CCD.e.111}]
Capabilities {acceptInsecureCerts: false, browserName: chrome, browserVersion: 126.0.6478.56, chrome: {chromedriverVersion: 126.0.6478.61 (8dc092df54ce..., userDataDir: C:\Users\Welcome\AppData\Lo...}, fedcm:accounts: true, goog:chromeOptions: {debuggerAddress: localhost:50742}, networkConnectionEnabled: false, pageLoadStrategy: normal, platformName: windows, proxy: Proxy(), se:cdp: ws://localhost:50742/devtoo..., se:cdpVersion: 126.0.6478.56, setWindowRect: true, strictFileInteractability: false, timeouts: {implicit: 0, pageLoad: 300000, script: 30000}, unhandledPromptBehavior: dismiss and notify, webauthn:extension:credBlob: true, webauthn:extension:largeBlob: true, webauthn:extension:minPinLength: true, webauthn:extension:prf: true, webauthn:virtualAuthenticators: true}
Element: [[ChromeDriver: chrome on windows (82db4ab498acccd49e41e391f44ffe1f)] -> xpath: //body/app-root[1]/app-main-container[1]/div[1]/div[2]/div[1]/app-manual-query[1]/div[1]/div[1]/div[1]/div[1]/div[2]/div[2]/div[1]/div[1]/div[1]/div[1]/div[1]/div[1]/form[1]/div[1]/div[1]/div[3]/div[1]/textarea[1]]
Session ID: 82db4ab498acccd49e41e391f44ffe1f
at org.openqa.selenium.remote.codec.w3c.W3CHttpResponseCodec.createException(W3CHttpResponseCodec.java:200)
at org.openqa.selenium.remote.codec.w3c.W3CHttpResponseCodec.decode(W3CHttpResponseCodec.java:133)
at org.openqa.selenium.remote.codec.w3c.W3CHttpResponseCodec.decode(W3CHttpResponseCodec.java:52)
at org.openqa.selenium.remote.HttpCommandExecutor.execute(HttpCommandExecutor.java:191)
at org.openqa.selenium.remote.service.DriverCommandExecutor.invokeExecute(DriverCommandExecutor.java:200)
at org.openqa.selenium.remote.service.DriverCommandExecutor.execute(DriverCommandExecutor.java:175)
at org.openqa.selenium.remote.RemoteWebDriver.execute(RemoteWebDriver.java:602)
at org.openqa.selenium.remote.RemoteWebElement.execute(RemoteWebElement.java:224)
at org.openqa.selenium.remote.RemoteWebElement.clear(RemoteWebElement.java:130)
at visionETLGP.ETLTest.ETLConnector.ETL_CC_036(ETLConnector.java:2173)
at java.base/java.util.ArrayList.forEach(ArrayList.java:1511)
... Removed 32 stack frames]]>
    </failure>
  </testcase> <!-- ETL_CC_036 -->
  <testcase classname="visionETLGP.ETLTest.ETLConnector" name="ETL_CC_037" time="37.251">
    <failure type="org.openqa.selenium.NoSuchElementException" message="no such element: Unable to locate element: {&amp;quot;method&amp;quot;:&amp;quot;xpath&amp;quot;,&amp;quot;selector&amp;quot;:&amp;quot;//span[contains(text(),&amp;apos;VAT1504&amp;apos;)]&amp;quot;}
  (Session info: chrome=126.0.6478.56)
For documentation on this error, please visit: https://www.selenium.dev/documentation/webdriver/troubleshooting/errors#no-such-element-exception
Build info: version: &amp;apos;4.14.1&amp;apos;, revision: &amp;apos;03f8ede370&amp;apos;
System info: os.name: &amp;apos;Windows 10&amp;apos;, os.arch: &amp;apos;amd64&amp;apos;, os.version: &amp;apos;10.0&amp;apos;, java.version: &amp;apos;17.0.8.1&amp;apos;
Driver info: org.openqa.selenium.chrome.ChromeDriver
Command: [5f7ddfecbb81fb20413c239392e9cdb8, findElement {using=xpath, value=//span[contains(text(),&amp;apos;VAT1504&amp;apos;)]}]
Capabilities {acceptInsecureCerts: false, browserName: chrome, browserVersion: 126.0.6478.56, chrome: {chromedriverVersion: 126.0.6478.61 (8dc092df54ce..., userDataDir: C:\Users\Welcome\AppData\Lo...}, fedcm:accounts: true, goog:chromeOptions: {debuggerAddress: localhost:50802}, networkConnectionEnabled: false, pageLoadStrategy: normal, platformName: windows, proxy: Proxy(), se:cdp: ws://localhost:50802/devtoo..., se:cdpVersion: 126.0.6478.56, setWindowRect: true, strictFileInteractability: false, timeouts: {implicit: 0, pageLoad: 300000, script: 30000}, unhandledPromptBehavior: dismiss and notify, webauthn:extension:credBlob: true, webauthn:extension:largeBlob: true, webauthn:extension:minPinLength: true, webauthn:extension:prf: true, webauthn:virtualAuthenticators: true}
Session ID: 5f7ddfecbb81fb20413c239392e9cdb8">
      <![CDATA[org.openqa.selenium.NoSuchElementException: no such element: Unable to locate element: {"method":"xpath","selector":"//span[contains(text(),'VAT1504')]"}
  (Session info: chrome=126.0.6478.56)
For documentation on this error, please visit: https://www.selenium.dev/documentation/webdriver/troubleshooting/errors#no-such-element-exception
Build info: version: '4.14.1', revision: '03f8ede370'
System info: os.name: 'Windows 10', os.arch: 'amd64', os.version: '10.0', java.version: '17.0.8.1'
Driver info: org.openqa.selenium.chrome.ChromeDriver
Command: [5f7ddfecbb81fb20413c239392e9cdb8, findElement {using=xpath, value=//span[contains(text(),'VAT1504')]}]
Capabilities {acceptInsecureCerts: false, browserName: chrome, browserVersion: 126.0.6478.56, chrome: {chromedriverVersion: 126.0.6478.61 (8dc092df54ce..., userDataDir: C:\Users\Welcome\AppData\Lo...}, fedcm:accounts: true, goog:chromeOptions: {debuggerAddress: localhost:50802}, networkConnectionEnabled: false, pageLoadStrategy: normal, platformName: windows, proxy: Proxy(), se:cdp: ws://localhost:50802/devtoo..., se:cdpVersion: 126.0.6478.56, setWindowRect: true, strictFileInteractability: false, timeouts: {implicit: 0, pageLoad: 300000, script: 30000}, unhandledPromptBehavior: dismiss and notify, webauthn:extension:credBlob: true, webauthn:extension:largeBlob: true, webauthn:extension:minPinLength: true, webauthn:extension:prf: true, webauthn:virtualAuthenticators: true}
Session ID: 5f7ddfecbb81fb20413c239392e9cdb8
at org.openqa.selenium.remote.codec.w3c.W3CHttpResponseCodec.createException(W3CHttpResponseCodec.java:200)
at org.openqa.selenium.remote.codec.w3c.W3CHttpResponseCodec.decode(W3CHttpResponseCodec.java:133)
at org.openqa.selenium.remote.codec.w3c.W3CHttpResponseCodec.decode(W3CHttpResponseCodec.java:52)
at org.openqa.selenium.remote.HttpCommandExecutor.execute(HttpCommandExecutor.java:191)
at org.openqa.selenium.remote.service.DriverCommandExecutor.invokeExecute(DriverCommandExecutor.java:200)
at org.openqa.selenium.remote.service.DriverCommandExecutor.execute(DriverCommandExecutor.java:175)
at org.openqa.selenium.remote.RemoteWebDriver.execute(RemoteWebDriver.java:602)
at org.openqa.selenium.remote.ElementLocation$ElementFinder$2.findElement(ElementLocation.java:165)
at org.openqa.selenium.remote.ElementLocation.findElement(ElementLocation.java:59)
at org.openqa.selenium.remote.RemoteWebDriver.findElement(RemoteWebDriver.java:359)
at org.openqa.selenium.remote.RemoteWebDriver.findElement(RemoteWebDriver.java:353)
at visionETLGP.ETLTest.ETLConnector.ETL_CC_037(ETLConnector.java:2268)
at java.base/java.util.ArrayList.forEach(ArrayList.java:1511)
... Removed 32 stack frames]]>
    </failure>
  </testcase> <!-- ETL_CC_037 -->
  <testcase classname="visionETLGP.ETLTest.ETLConnector" name="ETL_CC_038" time="78.801"/>
  <testcase classname="visionETLGP.ETLTest.ETLConnector" name="ETL_CC_010" time="0.0">
    <ignored/>
  </testcase> <!-- ETL_CC_010 -->
  <testcase classname="visionETLGP.ETLTest.ETLConnector" name="ETL_CC_002" time="0.0">
    <ignored/>
  </testcase> <!-- ETL_CC_002 -->
  <testcase classname="visionETLGP.ETLTest.ETLConnector" name="ETL_CC_004" time="0.0">
    <ignored/>
  </testcase> <!-- ETL_CC_004 -->
  <testcase classname="visionETLGP.ETLTest.ETLConnector" name="ETL_CC_003" time="0.0">
    <ignored/>
  </testcase> <!-- ETL_CC_003 -->
  <testcase classname="visionETLGP.ETLTest.ETLConnector" name="ETL_CC_006" time="0.0">
    <ignored/>
  </testcase> <!-- ETL_CC_006 -->
  <testcase classname="visionETLGP.ETLTest.ETLConnector" name="ETL_CC_008" time="0.0">
    <ignored/>
  </testcase> <!-- ETL_CC_008 -->
  <testcase classname="visionETLGP.ETLTest.ETLConnector" name="ETL_CC_007" time="0.0">
    <ignored/>
  </testcase> <!-- ETL_CC_007 -->
</testsuite> <!-- ETL-Connector-Test -->
