<?xml version="1.0" encoding="UTF-8"?>
<!-- Generated by org.testng.reporters.JUnitXMLReporter -->
<testsuite ignored="7" hostname="DESKTOP-4JORBA0" failures="1" tests="31" name="ETL-Connector-Test" time="17.128" errors="0" timestamp="2024-07-22T14:30:26 IST">
  <testcase classname="visionETLGP.ETLTest.ETLConnector" name="@BeforeMethod BrowserOpening" time="2.135">
    <failure type="org.openqa.selenium.NoSuchWindowException" message="no such window: target window already closed
from unknown error: web view not found
  (Session info: chrome=126.0.6478.127)
Build info: version: &amp;apos;4.14.1&amp;apos;, revision: &amp;apos;03f8ede370&amp;apos;
System info: os.name: &amp;apos;Windows 10&amp;apos;, os.arch: &amp;apos;amd64&amp;apos;, os.version: &amp;apos;10.0&amp;apos;, java.version: &amp;apos;17.0.8.1&amp;apos;
Driver info: org.openqa.selenium.chrome.ChromeDriver
Command: [4a7514386fff0b8c239ddaff72b718f8, maximizeCurrentWindow {}]
Capabilities {acceptInsecureCerts: false, browserName: chrome, browserVersion: 126.0.6478.127, chrome: {chromedriverVersion: 126.0.6478.182 (5b5d8292ddf..., userDataDir: C:\Users\Welcome\AppData\Lo...}, fedcm:accounts: true, goog:chromeOptions: {debuggerAddress: localhost:59639}, networkConnectionEnabled: false, pageLoadStrategy: normal, platformName: windows, proxy: Proxy(), se:cdp: ws://localhost:59639/devtoo..., se:cdpVersion: 126.0.6478.127, setWindowRect: true, strictFileInteractability: false, timeouts: {implicit: 0, pageLoad: 300000, script: 30000}, unhandledPromptBehavior: dismiss and notify, webauthn:extension:credBlob: true, webauthn:extension:largeBlob: true, webauthn:extension:minPinLength: true, webauthn:extension:prf: true, webauthn:virtualAuthenticators: true}
Session ID: 4a7514386fff0b8c239ddaff72b718f8">
      <![CDATA[org.openqa.selenium.NoSuchWindowException: no such window: target window already closed
from unknown error: web view not found
  (Session info: chrome=126.0.6478.127)
Build info: version: '4.14.1', revision: '03f8ede370'
System info: os.name: 'Windows 10', os.arch: 'amd64', os.version: '10.0', java.version: '17.0.8.1'
Driver info: org.openqa.selenium.chrome.ChromeDriver
Command: [4a7514386fff0b8c239ddaff72b718f8, maximizeCurrentWindow {}]
Capabilities {acceptInsecureCerts: false, browserName: chrome, browserVersion: 126.0.6478.127, chrome: {chromedriverVersion: 126.0.6478.182 (5b5d8292ddf..., userDataDir: C:\Users\Welcome\AppData\Lo...}, fedcm:accounts: true, goog:chromeOptions: {debuggerAddress: localhost:59639}, networkConnectionEnabled: false, pageLoadStrategy: normal, platformName: windows, proxy: Proxy(), se:cdp: ws://localhost:59639/devtoo..., se:cdpVersion: 126.0.6478.127, setWindowRect: true, strictFileInteractability: false, timeouts: {implicit: 0, pageLoad: 300000, script: 30000}, unhandledPromptBehavior: dismiss and notify, webauthn:extension:credBlob: true, webauthn:extension:largeBlob: true, webauthn:extension:minPinLength: true, webauthn:extension:prf: true, webauthn:virtualAuthenticators: true}
Session ID: 4a7514386fff0b8c239ddaff72b718f8
at org.openqa.selenium.remote.codec.w3c.W3CHttpResponseCodec.createException(W3CHttpResponseCodec.java:200)
at org.openqa.selenium.remote.codec.w3c.W3CHttpResponseCodec.decode(W3CHttpResponseCodec.java:133)
at org.openqa.selenium.remote.codec.w3c.W3CHttpResponseCodec.decode(W3CHttpResponseCodec.java:52)
at org.openqa.selenium.remote.HttpCommandExecutor.execute(HttpCommandExecutor.java:191)
at org.openqa.selenium.remote.service.DriverCommandExecutor.invokeExecute(DriverCommandExecutor.java:200)
at org.openqa.selenium.remote.service.DriverCommandExecutor.execute(DriverCommandExecutor.java:175)
at org.openqa.selenium.remote.RemoteWebDriver.execute(RemoteWebDriver.java:602)
at org.openqa.selenium.remote.RemoteWebDriver.execute(RemoteWebDriver.java:675)
at org.openqa.selenium.remote.RemoteWebDriver.execute(RemoteWebDriver.java:679)
at org.openqa.selenium.remote.RemoteWebDriver$RemoteWebDriverOptions$RemoteWindow.maximize(RemoteWebDriver.java:1073)
at visionETLGP.ETLTest.ETLConnector.BrowserOpening(ETLConnector.java:43)
at java.base/java.util.ArrayList.forEach(ArrayList.java:1511)
... Removed 36 stack frames]]>
    </failure>
  </testcase> <!-- @BeforeMethod BrowserOpening -->
  <testcase classname="visionETLGP.ETLTest.ETLConnector" name="@AfterMethod closeDriver" time="0.0">
    <skipped/>
  </testcase> <!-- @AfterMethod closeDriver -->
  <testcase classname="visionETLGP.ETLTest.ETLConnector" name="@BeforeMethod BrowserOpening" time="0.0">
    <skipped/>
  </testcase> <!-- @BeforeMethod BrowserOpening -->
  <testcase classname="visionETLGP.ETLTest.ETLConnector" name="@AfterMethod closeDriver" time="0.0">
    <skipped/>
  </testcase> <!-- @AfterMethod closeDriver -->
  <testcase classname="visionETLGP.ETLTest.ETLConnector" name="@BeforeMethod BrowserOpening" time="0.0">
    <skipped/>
  </testcase> <!-- @BeforeMethod BrowserOpening -->
  <testcase classname="visionETLGP.ETLTest.ETLConnector" name="@AfterMethod closeDriver" time="0.0">
    <skipped/>
  </testcase> <!-- @AfterMethod closeDriver -->
  <testcase classname="visionETLGP.ETLTest.ETLConnector" name="@BeforeMethod BrowserOpening" time="0.0">
    <skipped/>
  </testcase> <!-- @BeforeMethod BrowserOpening -->
  <testcase classname="visionETLGP.ETLTest.ETLConnector" name="@AfterMethod closeDriver" time="0.0">
    <skipped/>
  </testcase> <!-- @AfterMethod closeDriver -->
  <testcase classname="visionETLGP.ETLTest.ETLConnector" name="@BeforeMethod BrowserOpening" time="0.0">
    <skipped/>
  </testcase> <!-- @BeforeMethod BrowserOpening -->
  <testcase classname="visionETLGP.ETLTest.ETLConnector" name="@AfterMethod closeDriver" time="0.0">
    <skipped/>
  </testcase> <!-- @AfterMethod closeDriver -->
  <testcase classname="visionETLGP.ETLTest.ETLConnector" name="@BeforeMethod BrowserOpening" time="0.0">
    <skipped/>
  </testcase> <!-- @BeforeMethod BrowserOpening -->
  <testcase classname="visionETLGP.ETLTest.ETLConnector" name="@AfterMethod closeDriver" time="0.0">
    <skipped/>
  </testcase> <!-- @AfterMethod closeDriver -->
  <testcase classname="visionETLGP.ETLTest.ETLConnector" name="@BeforeMethod BrowserOpening" time="0.0">
    <skipped/>
  </testcase> <!-- @BeforeMethod BrowserOpening -->
  <testcase classname="visionETLGP.ETLTest.ETLConnector" name="@AfterMethod closeDriver" time="0.0">
    <skipped/>
  </testcase> <!-- @AfterMethod closeDriver -->
  <testcase classname="visionETLGP.ETLTest.ETLConnector" name="@BeforeMethod BrowserOpening" time="0.0">
    <skipped/>
  </testcase> <!-- @BeforeMethod BrowserOpening -->
  <testcase classname="visionETLGP.ETLTest.ETLConnector" name="@AfterMethod closeDriver" time="0.0">
    <skipped/>
  </testcase> <!-- @AfterMethod closeDriver -->
  <testcase classname="visionETLGP.ETLTest.ETLConnector" name="@BeforeMethod BrowserOpening" time="0.0">
    <skipped/>
  </testcase> <!-- @BeforeMethod BrowserOpening -->
  <testcase classname="visionETLGP.ETLTest.ETLConnector" name="@AfterMethod closeDriver" time="0.0">
    <skipped/>
  </testcase> <!-- @AfterMethod closeDriver -->
  <testcase classname="visionETLGP.ETLTest.ETLConnector" name="@BeforeMethod BrowserOpening" time="0.0">
    <skipped/>
  </testcase> <!-- @BeforeMethod BrowserOpening -->
  <testcase classname="visionETLGP.ETLTest.ETLConnector" name="@AfterMethod closeDriver" time="0.0">
    <skipped/>
  </testcase> <!-- @AfterMethod closeDriver -->
  <testcase classname="visionETLGP.ETLTest.ETLConnector" name="@BeforeMethod BrowserOpening" time="0.0">
    <skipped/>
  </testcase> <!-- @BeforeMethod BrowserOpening -->
  <testcase classname="visionETLGP.ETLTest.ETLConnector" name="@AfterMethod closeDriver" time="0.0">
    <skipped/>
  </testcase> <!-- @AfterMethod closeDriver -->
  <testcase classname="visionETLGP.ETLTest.ETLConnector" name="@BeforeMethod BrowserOpening" time="0.0">
    <skipped/>
  </testcase> <!-- @BeforeMethod BrowserOpening -->
  <testcase classname="visionETLGP.ETLTest.ETLConnector" name="@AfterMethod closeDriver" time="0.0">
    <skipped/>
  </testcase> <!-- @AfterMethod closeDriver -->
  <testcase classname="visionETLGP.ETLTest.ETLConnector" name="@BeforeMethod BrowserOpening" time="0.0">
    <skipped/>
  </testcase> <!-- @BeforeMethod BrowserOpening -->
  <testcase classname="visionETLGP.ETLTest.ETLConnector" name="@AfterMethod closeDriver" time="0.0">
    <skipped/>
  </testcase> <!-- @AfterMethod closeDriver -->
  <testcase classname="visionETLGP.ETLTest.ETLConnector" name="@BeforeMethod BrowserOpening" time="0.0">
    <skipped/>
  </testcase> <!-- @BeforeMethod BrowserOpening -->
  <testcase classname="visionETLGP.ETLTest.ETLConnector" name="@AfterMethod closeDriver" time="0.0">
    <skipped/>
  </testcase> <!-- @AfterMethod closeDriver -->
  <testcase classname="visionETLGP.ETLTest.ETLConnector" name="@BeforeMethod BrowserOpening" time="0.0">
    <skipped/>
  </testcase> <!-- @BeforeMethod BrowserOpening -->
  <testcase classname="visionETLGP.ETLTest.ETLConnector" name="@AfterMethod closeDriver" time="0.0">
    <skipped/>
  </testcase> <!-- @AfterMethod closeDriver -->
  <testcase classname="visionETLGP.ETLTest.ETLConnector" name="@BeforeMethod BrowserOpening" time="0.0">
    <skipped/>
  </testcase> <!-- @BeforeMethod BrowserOpening -->
  <testcase classname="visionETLGP.ETLTest.ETLConnector" name="@AfterMethod closeDriver" time="0.0">
    <skipped/>
  </testcase> <!-- @AfterMethod closeDriver -->
  <testcase classname="visionETLGP.ETLTest.ETLConnector" name="@BeforeMethod BrowserOpening" time="0.0">
    <skipped/>
  </testcase> <!-- @BeforeMethod BrowserOpening -->
  <testcase classname="visionETLGP.ETLTest.ETLConnector" name="@AfterMethod closeDriver" time="0.0">
    <skipped/>
  </testcase> <!-- @AfterMethod closeDriver -->
  <testcase classname="visionETLGP.ETLTest.ETLConnector" name="@BeforeMethod BrowserOpening" time="0.0">
    <skipped/>
  </testcase> <!-- @BeforeMethod BrowserOpening -->
  <testcase classname="visionETLGP.ETLTest.ETLConnector" name="@AfterMethod closeDriver" time="0.0">
    <skipped/>
  </testcase> <!-- @AfterMethod closeDriver -->
  <testcase classname="visionETLGP.ETLTest.ETLConnector" name="@BeforeMethod BrowserOpening" time="0.0">
    <skipped/>
  </testcase> <!-- @BeforeMethod BrowserOpening -->
  <testcase classname="visionETLGP.ETLTest.ETLConnector" name="@AfterMethod closeDriver" time="0.0">
    <skipped/>
  </testcase> <!-- @AfterMethod closeDriver -->
  <testcase classname="visionETLGP.ETLTest.ETLConnector" name="@BeforeMethod BrowserOpening" time="0.0">
    <skipped/>
  </testcase> <!-- @BeforeMethod BrowserOpening -->
  <testcase classname="visionETLGP.ETLTest.ETLConnector" name="@AfterMethod closeDriver" time="0.0">
    <skipped/>
  </testcase> <!-- @AfterMethod closeDriver -->
  <testcase classname="visionETLGP.ETLTest.ETLConnector" name="@BeforeMethod BrowserOpening" time="0.0">
    <skipped/>
  </testcase> <!-- @BeforeMethod BrowserOpening -->
  <testcase classname="visionETLGP.ETLTest.ETLConnector" name="@AfterMethod closeDriver" time="0.0">
    <skipped/>
  </testcase> <!-- @AfterMethod closeDriver -->
  <testcase classname="visionETLGP.ETLTest.ETLConnector" name="@BeforeMethod BrowserOpening" time="0.0">
    <skipped/>
  </testcase> <!-- @BeforeMethod BrowserOpening -->
  <testcase classname="visionETLGP.ETLTest.ETLConnector" name="@AfterMethod closeDriver" time="0.0">
    <skipped/>
  </testcase> <!-- @AfterMethod closeDriver -->
  <testcase classname="visionETLGP.ETLTest.ETLConnector" name="@BeforeMethod BrowserOpening" time="0.0">
    <skipped/>
  </testcase> <!-- @BeforeMethod BrowserOpening -->
  <testcase classname="visionETLGP.ETLTest.ETLConnector" name="@AfterMethod closeDriver" time="0.0">
    <skipped/>
  </testcase> <!-- @AfterMethod closeDriver -->
  <testcase classname="visionETLGP.ETLTest.ETLConnector" name="@BeforeMethod BrowserOpening" time="0.0">
    <skipped/>
  </testcase> <!-- @BeforeMethod BrowserOpening -->
  <testcase classname="visionETLGP.ETLTest.ETLConnector" name="@AfterMethod closeDriver" time="0.0">
    <skipped/>
  </testcase> <!-- @AfterMethod closeDriver -->
  <testcase classname="visionETLGP.ETLTest.ETLConnector" name="@BeforeMethod BrowserOpening" time="0.0">
    <skipped/>
  </testcase> <!-- @BeforeMethod BrowserOpening -->
  <testcase classname="visionETLGP.ETLTest.ETLConnector" name="@AfterMethod closeDriver" time="0.0">
    <skipped/>
  </testcase> <!-- @AfterMethod closeDriver -->
  <testcase classname="visionETLGP.ETLTest.ETLConnector" name="@BeforeMethod BrowserOpening" time="0.0">
    <skipped/>
  </testcase> <!-- @BeforeMethod BrowserOpening -->
  <testcase classname="visionETLGP.ETLTest.ETLConnector" name="@AfterMethod closeDriver" time="0.0">
    <skipped/>
  </testcase> <!-- @AfterMethod closeDriver -->
  <testcase classname="visionETLGP.ETLTest.ETLConnector" name="@BeforeMethod BrowserOpening" time="0.0">
    <skipped/>
  </testcase> <!-- @BeforeMethod BrowserOpening -->
  <testcase classname="visionETLGP.ETLTest.ETLConnector" name="@AfterMethod closeDriver" time="0.0">
    <skipped/>
  </testcase> <!-- @AfterMethod closeDriver -->
  <testcase classname="visionETLGP.ETLTest.ETLConnector" name="@BeforeMethod BrowserOpening" time="0.0">
    <skipped/>
  </testcase> <!-- @BeforeMethod BrowserOpening -->
  <testcase classname="visionETLGP.ETLTest.ETLConnector" name="@AfterMethod closeDriver" time="0.0">
    <skipped/>
  </testcase> <!-- @AfterMethod closeDriver -->
  <testcase classname="visionETLGP.ETLTest.ETLConnector" name="@BeforeMethod BrowserOpening" time="0.0">
    <skipped/>
  </testcase> <!-- @BeforeMethod BrowserOpening -->
  <testcase classname="visionETLGP.ETLTest.ETLConnector" name="@AfterMethod closeDriver" time="0.0">
    <skipped/>
  </testcase> <!-- @AfterMethod closeDriver -->
  <testcase classname="visionETLGP.ETLTest.ETLConnector" name="@BeforeMethod BrowserOpening" time="0.0">
    <skipped/>
  </testcase> <!-- @BeforeMethod BrowserOpening -->
  <testcase classname="visionETLGP.ETLTest.ETLConnector" name="@AfterMethod closeDriver" time="0.0">
    <skipped/>
  </testcase> <!-- @AfterMethod closeDriver -->
  <testcase classname="visionETLGP.ETLTest.ETLConnector" name="ETL_CC_001" time="8.63">
    <failure type="org.openqa.selenium.ElementClickInterceptedException" message="element click intercepted: Element &amp;lt;select _ngcontent-vrf-c289=&amp;quot;&amp;quot; class=&amp;quot;custom-select ml-0 ng-tns-c289-0 ng-untouched ng-pristine ng-valid&amp;quot;&amp;gt;...&amp;lt;/select&amp;gt; is not clickable at point (1188, 568). Other element would receive the click: &amp;lt;div _ngcontent-vrf-c269=&amp;quot;&amp;quot; id=&amp;quot;loader_1&amp;quot; class=&amp;quot;loader&amp;quot; style=&amp;quot;display: block;&amp;quot;&amp;gt;...&amp;lt;/div&amp;gt;
  (Session info: chrome=126.0.6478.127)
Build info: version: &amp;apos;4.14.1&amp;apos;, revision: &amp;apos;03f8ede370&amp;apos;
System info: os.name: &amp;apos;Windows 10&amp;apos;, os.arch: &amp;apos;amd64&amp;apos;, os.version: &amp;apos;10.0&amp;apos;, java.version: &amp;apos;17.0.8.1&amp;apos;
Driver info: org.openqa.selenium.chrome.ChromeDriver
Command: [8e8a243dfebcea89bad797735b37888e, clickElement {id=f.C6796A4EEDD5640C24DF3C275A51E144.d.D664C2D816CFED0EB46CA8066FA42298.e.70}]
Capabilities {acceptInsecureCerts: false, browserName: chrome, browserVersion: 126.0.6478.127, chrome: {chromedriverVersion: 126.0.6478.182 (5b5d8292ddf..., userDataDir: C:\Users\Welcome\AppData\Lo...}, fedcm:accounts: true, goog:chromeOptions: {debuggerAddress: localhost:59593}, networkConnectionEnabled: false, pageLoadStrategy: normal, platformName: windows, proxy: Proxy(), se:cdp: ws://localhost:59593/devtoo..., se:cdpVersion: 126.0.6478.127, setWindowRect: true, strictFileInteractability: false, timeouts: {implicit: 0, pageLoad: 300000, script: 30000}, unhandledPromptBehavior: dismiss and notify, webauthn:extension:credBlob: true, webauthn:extension:largeBlob: true, webauthn:extension:minPinLength: true, webauthn:extension:prf: true, webauthn:virtualAuthenticators: true}
Element: [[ChromeDriver: chrome on windows (8e8a243dfebcea89bad797735b37888e)] -&amp;gt; xpath: //body/app-root[1]/app-main-container[1]/div[1]/div[2]/div[1]/app-etl-script[1]/div[1]/div[1]/div[1]/div[1]/app-smart-table[1]/div[2]/div[1]/span[2]/select[1]]
Session ID: 8e8a243dfebcea89bad797735b37888e">
      <![CDATA[org.openqa.selenium.ElementClickInterceptedException: element click intercepted: Element <select _ngcontent-vrf-c289="" class="custom-select ml-0 ng-tns-c289-0 ng-untouched ng-pristine ng-valid">...</select> is not clickable at point (1188, 568). Other element would receive the click: <div _ngcontent-vrf-c269="" id="loader_1" class="loader" style="display: block;">...</div>
  (Session info: chrome=126.0.6478.127)
Build info: version: '4.14.1', revision: '03f8ede370'
System info: os.name: 'Windows 10', os.arch: 'amd64', os.version: '10.0', java.version: '17.0.8.1'
Driver info: org.openqa.selenium.chrome.ChromeDriver
Command: [8e8a243dfebcea89bad797735b37888e, clickElement {id=f.C6796A4EEDD5640C24DF3C275A51E144.d.D664C2D816CFED0EB46CA8066FA42298.e.70}]
Capabilities {acceptInsecureCerts: false, browserName: chrome, browserVersion: 126.0.6478.127, chrome: {chromedriverVersion: 126.0.6478.182 (5b5d8292ddf..., userDataDir: C:\Users\Welcome\AppData\Lo...}, fedcm:accounts: true, goog:chromeOptions: {debuggerAddress: localhost:59593}, networkConnectionEnabled: false, pageLoadStrategy: normal, platformName: windows, proxy: Proxy(), se:cdp: ws://localhost:59593/devtoo..., se:cdpVersion: 126.0.6478.127, setWindowRect: true, strictFileInteractability: false, timeouts: {implicit: 0, pageLoad: 300000, script: 30000}, unhandledPromptBehavior: dismiss and notify, webauthn:extension:credBlob: true, webauthn:extension:largeBlob: true, webauthn:extension:minPinLength: true, webauthn:extension:prf: true, webauthn:virtualAuthenticators: true}
Element: [[ChromeDriver: chrome on windows (8e8a243dfebcea89bad797735b37888e)] -> xpath: //body/app-root[1]/app-main-container[1]/div[1]/div[2]/div[1]/app-etl-script[1]/div[1]/div[1]/div[1]/div[1]/app-smart-table[1]/div[2]/div[1]/span[2]/select[1]]
Session ID: 8e8a243dfebcea89bad797735b37888e
at org.openqa.selenium.remote.codec.w3c.W3CHttpResponseCodec.createException(W3CHttpResponseCodec.java:200)
at org.openqa.selenium.remote.codec.w3c.W3CHttpResponseCodec.decode(W3CHttpResponseCodec.java:133)
at org.openqa.selenium.remote.codec.w3c.W3CHttpResponseCodec.decode(W3CHttpResponseCodec.java:52)
at org.openqa.selenium.remote.HttpCommandExecutor.execute(HttpCommandExecutor.java:191)
at org.openqa.selenium.remote.service.DriverCommandExecutor.invokeExecute(DriverCommandExecutor.java:200)
at org.openqa.selenium.remote.service.DriverCommandExecutor.execute(DriverCommandExecutor.java:175)
at org.openqa.selenium.remote.RemoteWebDriver.execute(RemoteWebDriver.java:602)
at org.openqa.selenium.remote.RemoteWebElement.execute(RemoteWebElement.java:224)
at org.openqa.selenium.remote.RemoteWebElement.click(RemoteWebElement.java:77)
at visionETLGP.ETLTest.ETLConnector.ETL_CC_001(ETLConnector.java:79)
at java.base/java.util.ArrayList.forEach(ArrayList.java:1511)
... Removed 32 stack frames]]>
    </failure>
  </testcase> <!-- ETL_CC_001 -->
  <testcase classname="visionETLGP.ETLTest.ETLConnector" name="ETL_CC_005" time="0.001">
    <skipped/>
  </testcase> <!-- ETL_CC_005 -->
  <testcase classname="visionETLGP.ETLTest.ETLConnector" name="ETL_CC_009" time="0.001">
    <skipped/>
  </testcase> <!-- ETL_CC_009 -->
  <testcase classname="visionETLGP.ETLTest.ETLConnector" name="ETL_CC_011" time="0.0">
    <skipped/>
  </testcase> <!-- ETL_CC_011 -->
  <testcase classname="visionETLGP.ETLTest.ETLConnector" name="ETL_CC_012" time="0.001">
    <skipped/>
  </testcase> <!-- ETL_CC_012 -->
  <testcase classname="visionETLGP.ETLTest.ETLConnector" name="ETL_CC_013" time="0.0">
    <skipped/>
  </testcase> <!-- ETL_CC_013 -->
  <testcase classname="visionETLGP.ETLTest.ETLConnector" name="ETL_CC_014" time="0.0">
    <skipped/>
  </testcase> <!-- ETL_CC_014 -->
  <testcase classname="visionETLGP.ETLTest.ETLConnector" name="ETL_CC_015" time="0.0">
    <skipped/>
  </testcase> <!-- ETL_CC_015 -->
  <testcase classname="visionETLGP.ETLTest.ETLConnector" name="ETL_CC_016" time="0.001">
    <skipped/>
  </testcase> <!-- ETL_CC_016 -->
  <testcase classname="visionETLGP.ETLTest.ETLConnector" name="ETL_CC_017" time="0.0">
    <skipped/>
  </testcase> <!-- ETL_CC_017 -->
  <testcase classname="visionETLGP.ETLTest.ETLConnector" name="ETL_CC_018" time="0.0">
    <skipped/>
  </testcase> <!-- ETL_CC_018 -->
  <testcase classname="visionETLGP.ETLTest.ETLConnector" name="ETL_CC_019" time="0.0">
    <skipped/>
  </testcase> <!-- ETL_CC_019 -->
  <testcase classname="visionETLGP.ETLTest.ETLConnector" name="ETL_CC_020" time="0.0">
    <skipped/>
  </testcase> <!-- ETL_CC_020 -->
  <testcase classname="visionETLGP.ETLTest.ETLConnector" name="ETL_CC_021" time="0.0">
    <skipped/>
  </testcase> <!-- ETL_CC_021 -->
  <testcase classname="visionETLGP.ETLTest.ETLConnector" name="ETL_CC_022" time="0.002">
    <skipped/>
  </testcase> <!-- ETL_CC_022 -->
  <testcase classname="visionETLGP.ETLTest.ETLConnector" name="ETL_CC_026" time="0.0">
    <skipped/>
  </testcase> <!-- ETL_CC_026 -->
  <testcase classname="visionETLGP.ETLTest.ETLConnector" name="ETL_CC_027" time="0.002">
    <skipped/>
  </testcase> <!-- ETL_CC_027 -->
  <testcase classname="visionETLGP.ETLTest.ETLConnector" name="ETL_CC_028" time="0.0">
    <skipped/>
  </testcase> <!-- ETL_CC_028 -->
  <testcase classname="visionETLGP.ETLTest.ETLConnector" name="ETL_CC_029" time="0.0">
    <skipped/>
  </testcase> <!-- ETL_CC_029 -->
  <testcase classname="visionETLGP.ETLTest.ETLConnector" name="ETL_CC_030" time="0.0">
    <skipped/>
  </testcase> <!-- ETL_CC_030 -->
  <testcase classname="visionETLGP.ETLTest.ETLConnector" name="ETL_CC_034" time="0.0">
    <skipped/>
  </testcase> <!-- ETL_CC_034 -->
  <testcase classname="visionETLGP.ETLTest.ETLConnector" name="ETL_CC_031" time="0.0">
    <skipped/>
  </testcase> <!-- ETL_CC_031 -->
  <testcase classname="visionETLGP.ETLTest.ETLConnector" name="ETL_CC_032" time="0.001">
    <skipped/>
  </testcase> <!-- ETL_CC_032 -->
  <testcase classname="visionETLGP.ETLTest.ETLConnector" name="ETL_CC_023" time="0.0">
    <skipped/>
  </testcase> <!-- ETL_CC_023 -->
  <testcase classname="visionETLGP.ETLTest.ETLConnector" name="ETL_CC_024" time="0.0">
    <skipped/>
  </testcase> <!-- ETL_CC_024 -->
  <testcase classname="visionETLGP.ETLTest.ETLConnector" name="ETL_CC_025" time="0.0">
    <skipped/>
  </testcase> <!-- ETL_CC_025 -->
  <testcase classname="visionETLGP.ETLTest.ETLConnector" name="ETL_CC_033" time="0.0">
    <skipped/>
  </testcase> <!-- ETL_CC_033 -->
  <testcase classname="visionETLGP.ETLTest.ETLConnector" name="ETL_CC_035" time="0.002">
    <skipped/>
  </testcase> <!-- ETL_CC_035 -->
  <testcase classname="visionETLGP.ETLTest.ETLConnector" name="ETL_CC_036" time="0.0">
    <skipped/>
  </testcase> <!-- ETL_CC_036 -->
  <testcase classname="visionETLGP.ETLTest.ETLConnector" name="ETL_CC_037" time="0.0">
    <skipped/>
  </testcase> <!-- ETL_CC_037 -->
  <testcase classname="visionETLGP.ETLTest.ETLConnector" name="ETL_CC_038" time="0.0">
    <skipped/>
  </testcase> <!-- ETL_CC_038 -->
  <testcase classname="visionETLGP.ETLTest.ETLConnector" name="ETL_CC_010" time="0.0">
    <ignored/>
  </testcase> <!-- ETL_CC_010 -->
  <testcase classname="visionETLGP.ETLTest.ETLConnector" name="ETL_CC_002" time="0.0">
    <ignored/>
  </testcase> <!-- ETL_CC_002 -->
  <testcase classname="visionETLGP.ETLTest.ETLConnector" name="ETL_CC_004" time="0.0">
    <ignored/>
  </testcase> <!-- ETL_CC_004 -->
  <testcase classname="visionETLGP.ETLTest.ETLConnector" name="ETL_CC_003" time="0.0">
    <ignored/>
  </testcase> <!-- ETL_CC_003 -->
  <testcase classname="visionETLGP.ETLTest.ETLConnector" name="ETL_CC_006" time="0.0">
    <ignored/>
  </testcase> <!-- ETL_CC_006 -->
  <testcase classname="visionETLGP.ETLTest.ETLConnector" name="ETL_CC_008" time="0.0">
    <ignored/>
  </testcase> <!-- ETL_CC_008 -->
  <testcase classname="visionETLGP.ETLTest.ETLConnector" name="ETL_CC_007" time="0.0">
    <ignored/>
  </testcase> <!-- ETL_CC_007 -->
</testsuite> <!-- ETL-Connector-Test -->
