<?xml version="1.0" encoding="UTF-8"?>
<!-- Generated by org.testng.reporters.JUnitXMLReporter -->
<testsuite ignored="0" hostname="DESKTOP-4JORBA0" failures="0" tests="3" name="Test" time="94.126" errors="0" timestamp="2024-08-28T13:54:55 IST">
  <testcase classname="visionETL.Test.ETLLandingPage" name="ETL_LP_029" time="21.387"/>
  <testcase classname="visionETL.Test.ETLLandingPage" name="ETL_LP_044" time="36.789"/>
  <testcase classname="visionETL.Test.ETLLandingPage" name="ETL_LP_096" time="14.17"/>
</testsuite> <!-- Test -->
